0.11993631991748296 -0.04416837218557153
Wrote predictions → /data/user_data/spushpit/FNSPID/stock_news_author_int_final/AAL.csv
-0.018280311287309208 0.24491043762883408
Wrote predictions → /data/user_data/spushpit/FNSPID/stock_news_author_int_final/AMGN.csv
0.0040554170159578014 0.546669475959437
Wrote predictions → /data/user_data/spushpit/FNSPID/stock_news_author_int_final/BHP.csv
0.019229953544969185 0.48810735501642344
Wrote predictions → /data/user_data/spushpit/FNSPID/stock_news_author_int_final/BIIB.csv
-0.036145360553686126 0.3406834921935814
Wrote predictions → /data/user_data/spushpit/FNSPID/stock_news_author_int_final/CMCSA.csv
0.2821254449196091 0.521515924077733
Wrote predictions → /data/user_data/spushpit/FNSPID/stock_news_author_int_final/CMG.csv
0.15446581569516551 0.29826766911585856
Wrote predictions → /data/user_data/spushpit/FNSPID/stock_news_author_int_final/COP.csv
0.18483498255888184 0.6064496321823301
Wrote predictions → /data/user_data/spushpit/FNSPID/stock_news_author_int_final/COST.csv
0.05531248303753602 0.7118683234763288
Wrote predictions → /data/user_data/spushpit/FNSPID/stock_news_author_int_final/CRM.csv
0.04462081490107864 -0.49504756273777584
Wrote predictions → /data/user_data/spushpit/FNSPID/stock_news_author_int_final/GLD.csv
0.2243570215731593 0.4236303999014255
Wrote predictions → /data/user_data/spushpit/FNSPID/stock_news_author_int_final/KO.csv
0.10880090328691155 0.49327227641229043
Wrote predictions → /data/user_data/spushpit/FNSPID/stock_news_author_int_final/MRK.csv
-0.060487219909773 0.5176334950528423
Wrote predictions → /data/user_data/spushpit/FNSPID/stock_news_author_int_final/NKE.csv
0.08760901878977184 0.6515964846533135
Wrote predictions → /data/user_data/spushpit/FNSPID/stock_news_author_int_final/PEP.csv
0.12284954780466768 0.6152144506156767
Wrote predictions → /data/user_data/spushpit/FNSPID/stock_news_author_int_final/QCOM.csv
0.08107373878877983 0.6372877053015716
Wrote predictions → /data/user_data/spushpit/FNSPID/stock_news_author_int_final/TM.csv
0.31832892584379474 0.7287971200989996
Wrote predictions → /data/user_data/spushpit/FNSPID/stock_news_author_int_final/TSM.csv
0.040038989285768184 0.8873885949388532
Wrote predictions → /data/user_data/spushpit/FNSPID/stock_news_author_int_final/V.csv
0.04878070959168814 -0.31636021709479833
Wrote predictions → /data/user_data/spushpit/FNSPID/stock_news_author_int_final/XLF.csv
